Determining if the Q_WS_WIN exist failed with the following output:
Change Dir: /media/petr/WD_HDD/SDU/RoVi1/FinalProject/SamplePluginPA10/build/CMakeFiles/CMakeTmp

Run Build Command:"/usr/bin/make" "cmTC_23b11/fast"
/usr/bin/make -f CMakeFiles/cmTC_23b11.dir/build.make CMakeFiles/cmTC_23b11.dir/build
make[1]: Entering directory '/media/petr/WD_HDD/SDU/RoVi1/FinalProject/SamplePluginPA10/build/CMakeFiles/CMakeTmp'
Building CXX object CMakeFiles/cmTC_23b11.dir/CheckSymbolExists.cxx.o
/usr/bin/g++-5    -I/usr/include/qt4  -std=c++11     -o CMakeFiles/cmTC_23b11.dir/CheckSymbolExists.cxx.o -c /media/petr/WD_HDD/SDU/RoVi1/FinalProject/SamplePluginPA10/build/CMakeFiles/CMakeTmp/CheckSymbolExists.cxx
/media/petr/WD_HDD/SDU/RoVi1/FinalProject/SamplePluginPA10/build/CMakeFiles/CMakeTmp/CheckSymbolExists.cxx: In function ‘int main(int, char**)’:
/media/petr/WD_HDD/SDU/RoVi1/FinalProject/SamplePluginPA10/build/CMakeFiles/CMakeTmp/CheckSymbolExists.cxx:8:19: error: ‘Q_WS_WIN’ was not declared in this scope
   return ((int*)(&Q_WS_WIN))[argc];
                   ^
CMakeFiles/cmTC_23b11.dir/build.make:65: recipe for target 'CMakeFiles/cmTC_23b11.dir/CheckSymbolExists.cxx.o' failed
make[1]: *** [CMakeFiles/cmTC_23b11.dir/CheckSymbolExists.cxx.o] Error 1
make[1]: Leaving directory '/media/petr/WD_HDD/SDU/RoVi1/FinalProject/SamplePluginPA10/build/CMakeFiles/CMakeTmp'
Makefile:126: recipe for target 'cmTC_23b11/fast' failed
make: *** [cmTC_23b11/fast] Error 2

File /media/petr/WD_HDD/SDU/RoVi1/FinalProject/SamplePluginPA10/build/CMakeFiles/CMakeTmp/CheckSymbolExists.cxx:
/* */
#include <QtCore/qglobal.h>

int main(int argc, char** argv)
{
  (void)argv;
#ifndef Q_WS_WIN
  return ((int*)(&Q_WS_WIN))[argc];
#else
  (void)argc;
  return 0;
#endif
}

Determining if the Q_WS_QWS exist failed with the following output:
Change Dir: /media/petr/WD_HDD/SDU/RoVi1/FinalProject/SamplePluginPA10/build/CMakeFiles/CMakeTmp

Run Build Command:"/usr/bin/make" "cmTC_d4087/fast"
/usr/bin/make -f CMakeFiles/cmTC_d4087.dir/build.make CMakeFiles/cmTC_d4087.dir/build
make[1]: Entering directory '/media/petr/WD_HDD/SDU/RoVi1/FinalProject/SamplePluginPA10/build/CMakeFiles/CMakeTmp'
Building CXX object CMakeFiles/cmTC_d4087.dir/CheckSymbolExists.cxx.o
/usr/bin/g++-5    -I/usr/include/qt4  -std=c++11     -o CMakeFiles/cmTC_d4087.dir/CheckSymbolExists.cxx.o -c /media/petr/WD_HDD/SDU/RoVi1/FinalProject/SamplePluginPA10/build/CMakeFiles/CMakeTmp/CheckSymbolExists.cxx
/media/petr/WD_HDD/SDU/RoVi1/FinalProject/SamplePluginPA10/build/CMakeFiles/CMakeTmp/CheckSymbolExists.cxx: In function ‘int main(int, char**)’:
/media/petr/WD_HDD/SDU/RoVi1/FinalProject/SamplePluginPA10/build/CMakeFiles/CMakeTmp/CheckSymbolExists.cxx:8:19: error: ‘Q_WS_QWS’ was not declared in this scope
   return ((int*)(&Q_WS_QWS))[argc];
                   ^
CMakeFiles/cmTC_d4087.dir/build.make:65: recipe for target 'CMakeFiles/cmTC_d4087.dir/CheckSymbolExists.cxx.o' failed
make[1]: *** [CMakeFiles/cmTC_d4087.dir/CheckSymbolExists.cxx.o] Error 1
make[1]: Leaving directory '/media/petr/WD_HDD/SDU/RoVi1/FinalProject/SamplePluginPA10/build/CMakeFiles/CMakeTmp'
Makefile:126: recipe for target 'cmTC_d4087/fast' failed
make: *** [cmTC_d4087/fast] Error 2

File /media/petr/WD_HDD/SDU/RoVi1/FinalProject/SamplePluginPA10/build/CMakeFiles/CMakeTmp/CheckSymbolExists.cxx:
/* */
#include <QtCore/qglobal.h>

int main(int argc, char** argv)
{
  (void)argv;
#ifndef Q_WS_QWS
  return ((int*)(&Q_WS_QWS))[argc];
#else
  (void)argc;
  return 0;
#endif
}

Determining if the Q_WS_MAC exist failed with the following output:
Change Dir: /media/petr/WD_HDD/SDU/RoVi1/FinalProject/SamplePluginPA10/build/CMakeFiles/CMakeTmp

Run Build Command:"/usr/bin/make" "cmTC_1d35a/fast"
/usr/bin/make -f CMakeFiles/cmTC_1d35a.dir/build.make CMakeFiles/cmTC_1d35a.dir/build
make[1]: Entering directory '/media/petr/WD_HDD/SDU/RoVi1/FinalProject/SamplePluginPA10/build/CMakeFiles/CMakeTmp'
Building CXX object CMakeFiles/cmTC_1d35a.dir/CheckSymbolExists.cxx.o
/usr/bin/g++-5    -I/usr/include/qt4  -std=c++11     -o CMakeFiles/cmTC_1d35a.dir/CheckSymbolExists.cxx.o -c /media/petr/WD_HDD/SDU/RoVi1/FinalProject/SamplePluginPA10/build/CMakeFiles/CMakeTmp/CheckSymbolExists.cxx
/media/petr/WD_HDD/SDU/RoVi1/FinalProject/SamplePluginPA10/build/CMakeFiles/CMakeTmp/CheckSymbolExists.cxx: In function ‘int main(int, char**)’:
/media/petr/WD_HDD/SDU/RoVi1/FinalProject/SamplePluginPA10/build/CMakeFiles/CMakeTmp/CheckSymbolExists.cxx:8:19: error: ‘Q_WS_MAC’ was not declared in this scope
   return ((int*)(&Q_WS_MAC))[argc];
                   ^
CMakeFiles/cmTC_1d35a.dir/build.make:65: recipe for target 'CMakeFiles/cmTC_1d35a.dir/CheckSymbolExists.cxx.o' failed
make[1]: *** [CMakeFiles/cmTC_1d35a.dir/CheckSymbolExists.cxx.o] Error 1
make[1]: Leaving directory '/media/petr/WD_HDD/SDU/RoVi1/FinalProject/SamplePluginPA10/build/CMakeFiles/CMakeTmp'
Makefile:126: recipe for target 'cmTC_1d35a/fast' failed
make: *** [cmTC_1d35a/fast] Error 2

File /media/petr/WD_HDD/SDU/RoVi1/FinalProject/SamplePluginPA10/build/CMakeFiles/CMakeTmp/CheckSymbolExists.cxx:
/* */
#include <QtCore/qglobal.h>

int main(int argc, char** argv)
{
  (void)argv;
#ifndef Q_WS_MAC
  return ((int*)(&Q_WS_MAC))[argc];
#else
  (void)argc;
  return 0;
#endif
}

